<?xml version="1.0" encoding="UTF-8"?>
<!-- Generated by org.testng.reporters.JUnitXMLReporter -->
<testsuite hostname="LAPTOP-N7OIIR61" ignored="25" name="Chrome Test" tests="11" failures="0" timestamp="08 Dec 2018 10:01:44 GMT" time="119.74" errors="0">
  <testcase name="@BeforeMethod setUp" time="26.1" classname="com.bml.qa.testScripts.bulkLeadUpdatePageTest">
    <failure type="org.openqa.selenium.NoSuchElementException" message="no such element: Unable to locate element: {&amp;quot;method&amp;quot;:&amp;quot;css selector&amp;quot;,&amp;quot;selector&amp;quot;:&amp;quot;input[id=&amp;apos;username&amp;apos;]&amp;quot;}
  (Session info: chrome=71.0.3578.80)
  (Driver info: chromedriver=2.40.565498 (ea082db3280dd6843ebfb08a625e3eb905c4f5ab),platform=Windows NT 10.0.17134 x86_64) (WARNING: The server did not provide any stacktrace information)
Command duration or timeout: 0 milliseconds
For documentation on this error, please visit: http://seleniumhq.org/exceptions/no_such_element.html
Build info: version: &amp;apos;3.13.0&amp;apos;, revision: &amp;apos;2f0d292&amp;apos;, time: &amp;apos;2018-06-25T15:24:21.231Z&amp;apos;
System info: host: &amp;apos;LAPTOP-N7OIIR61&amp;apos;, ip: &amp;apos;192.168.0.143&amp;apos;, os.name: &amp;apos;Windows 10&amp;apos;, os.arch: &amp;apos;amd64&amp;apos;, os.version: &amp;apos;10.0&amp;apos;, java.version: &amp;apos;1.8.0_111&amp;apos;
Driver info: org.openqa.selenium.chrome.ChromeDriver
Capabilities {acceptInsecureCerts: false, acceptSslCerts: false, applicationCacheEnabled: false, browserConnectionEnabled: false, browserName: chrome, chrome: {chromedriverVersion: 2.40.565498 (ea082db3280dd6..., userDataDir: C:\Users\manda\AppData\Loca...}, cssSelectorsEnabled: true, databaseEnabled: false, handlesAlerts: true, hasTouchScreen: false, javascriptEnabled: true, locationContextEnabled: true, mobileEmulationEnabled: false, nativeEvents: true, networkConnectionEnabled: false, pageLoadStrategy: normal, platform: XP, platformName: XP, rotatable: false, setWindowRect: true, takesHeapSnapshot: true, takesScreenshot: true, unexpectedAlertBehaviour: , unhandledPromptBehavior: , version: 71.0.3578.80, webStorageEnabled: true}
Session ID: 3b1e184558fadf5f54df3659e8d9f252
*** Element info: {Using=css selector, value=input[id=&amp;apos;username&amp;apos;]}">
      <![CDATA[org.openqa.selenium.NoSuchElementException: no such element: Unable to locate element: {"method":"css selector","selector":"input[id='username']"}
  (Session info: chrome=71.0.3578.80)
  (Driver info: chromedriver=2.40.565498 (ea082db3280dd6843ebfb08a625e3eb905c4f5ab),platform=Windows NT 10.0.17134 x86_64) (WARNING: The server did not provide any stacktrace information)
Command duration or timeout: 0 milliseconds
For documentation on this error, please visit: http://seleniumhq.org/exceptions/no_such_element.html
Build info: version: '3.13.0', revision: '2f0d292', time: '2018-06-25T15:24:21.231Z'
System info: host: 'LAPTOP-N7OIIR61', ip: '192.168.0.143', os.name: 'Windows 10', os.arch: 'amd64', os.version: '10.0', java.version: '1.8.0_111'
Driver info: org.openqa.selenium.chrome.ChromeDriver
Capabilities {acceptInsecureCerts: false, acceptSslCerts: false, applicationCacheEnabled: false, browserConnectionEnabled: false, browserName: chrome, chrome: {chromedriverVersion: 2.40.565498 (ea082db3280dd6..., userDataDir: C:\Users\manda\AppData\Loca...}, cssSelectorsEnabled: true, databaseEnabled: false, handlesAlerts: true, hasTouchScreen: false, javascriptEnabled: true, locationContextEnabled: true, mobileEmulationEnabled: false, nativeEvents: true, networkConnectionEnabled: false, pageLoadStrategy: normal, platform: XP, platformName: XP, rotatable: false, setWindowRect: true, takesHeapSnapshot: true, takesScreenshot: true, unexpectedAlertBehaviour: , unhandledPromptBehavior: , version: 71.0.3578.80, webStorageEnabled: true}
Session ID: 3b1e184558fadf5f54df3659e8d9f252
*** Element info: {Using=css selector, value=input[id='username']}
at org.openqa.selenium.remote.ErrorHandler.createThrowable(ErrorHandler.java:214)
at org.openqa.selenium.remote.ErrorHandler.throwIfResponseFailed(ErrorHandler.java:166)
at org.openqa.selenium.remote.http.JsonHttpResponseCodec.reconstructValue(JsonHttpResponseCodec.java:40)
at org.openqa.selenium.remote.http.AbstractHttpResponseCodec.decode(AbstractHttpResponseCodec.java:80)
at org.openqa.selenium.remote.http.AbstractHttpResponseCodec.decode(AbstractHttpResponseCodec.java:44)
at org.openqa.selenium.remote.HttpCommandExecutor.execute(HttpCommandExecutor.java:158)
at org.openqa.selenium.remote.service.DriverCommandExecutor.execute(DriverCommandExecutor.java:83)
at org.openqa.selenium.remote.RemoteWebDriver.execute(RemoteWebDriver.java:548)
at org.openqa.selenium.remote.RemoteWebDriver.findElement(RemoteWebDriver.java:322)
at org.openqa.selenium.remote.RemoteWebDriver.findElementByCssSelector(RemoteWebDriver.java:416)
at org.openqa.selenium.By$ByCssSelector.findElement(By.java:431)
at org.openqa.selenium.remote.RemoteWebDriver.findElement(RemoteWebDriver.java:314)
at org.openqa.selenium.support.pagefactory.DefaultElementLocator.findElement(DefaultElementLocator.java:69)
at org.openqa.selenium.support.pagefactory.internal.LocatingElementHandler.invoke(LocatingElementHandler.java:38)
at com.sun.proxy.$Proxy8.sendKeys(Unknown Source)
at com.bml.qa.pages.loginPage.loginTest(loginPage.java:238)
at com.bml.qa.testScripts.bulkLeadUpdatePageTest.setUp(bulkLeadUpdatePageTest.java:38)
... Removed 35 stack frames]]>
    </failure>
  </testcase> <!-- @BeforeMethod setUp -->
  <testcase name="@AfterMethod getResults" time="0.0" classname="com.bml.qa.testScripts.bulkLeadUpdatePageTest">
    <skipped/>
  </testcase> <!-- @AfterMethod getResults -->
  <testcase name="@BeforeMethod setUp" time="0.0" classname="com.bml.qa.testScripts.bulkLeadUpdatePageTest">
    <skipped/>
  </testcase> <!-- @BeforeMethod setUp -->
  <testcase name="@AfterMethod getResults" time="0.0" classname="com.bml.qa.testScripts.bulkLeadUpdatePageTest">
    <skipped/>
  </testcase> <!-- @AfterMethod getResults -->
  <testcase name="@BeforeMethod setUp" time="0.0" classname="com.bml.qa.testScripts.bulkLeadUpdatePageTest">
    <skipped/>
  </testcase> <!-- @BeforeMethod setUp -->
  <testcase name="@AfterMethod getResults" time="0.0" classname="com.bml.qa.testScripts.bulkLeadUpdatePageTest">
    <skipped/>
  </testcase> <!-- @AfterMethod getResults -->
  <testcase name="@BeforeMethod setUp" time="0.0" classname="com.bml.qa.testScripts.bulkLeadUpdatePageTest">
    <skipped/>
  </testcase> <!-- @BeforeMethod setUp -->
  <testcase name="@AfterMethod getResults" time="0.0" classname="com.bml.qa.testScripts.bulkLeadUpdatePageTest">
    <skipped/>
  </testcase> <!-- @AfterMethod getResults -->
  <testcase name="@BeforeMethod setUp" time="0.0" classname="com.bml.qa.testScripts.bulkLeadUpdatePageTest">
    <skipped/>
  </testcase> <!-- @BeforeMethod setUp -->
  <testcase name="@AfterMethod getResults" time="0.0" classname="com.bml.qa.testScripts.bulkLeadUpdatePageTest">
    <skipped/>
  </testcase> <!-- @AfterMethod getResults -->
  <testcase name="@BeforeMethod setUp" time="0.0" classname="com.bml.qa.testScripts.bulkLeadUpdatePageTest">
    <skipped/>
  </testcase> <!-- @BeforeMethod setUp -->
  <testcase name="@AfterMethod getResults" time="0.0" classname="com.bml.qa.testScripts.bulkLeadUpdatePageTest">
    <skipped/>
  </testcase> <!-- @AfterMethod getResults -->
  <testcase name="@BeforeMethod setUp" time="0.0" classname="com.bml.qa.testScripts.bulkLeadUpdatePageTest">
    <skipped/>
  </testcase> <!-- @BeforeMethod setUp -->
  <testcase name="@AfterMethod getResults" time="0.0" classname="com.bml.qa.testScripts.bulkLeadUpdatePageTest">
    <skipped/>
  </testcase> <!-- @AfterMethod getResults -->
  <testcase name="@BeforeMethod setUp" time="0.0" classname="com.bml.qa.testScripts.bulkLeadUpdatePageTest">
    <skipped/>
  </testcase> <!-- @BeforeMethod setUp -->
  <testcase name="@AfterMethod getResults" time="0.0" classname="com.bml.qa.testScripts.bulkLeadUpdatePageTest">
    <skipped/>
  </testcase> <!-- @AfterMethod getResults -->
  <testcase name="@BeforeMethod setUp" time="0.0" classname="com.bml.qa.testScripts.bulkLeadUpdatePageTest">
    <skipped/>
  </testcase> <!-- @BeforeMethod setUp -->
  <testcase name="@AfterMethod getResults" time="0.0" classname="com.bml.qa.testScripts.bulkLeadUpdatePageTest">
    <skipped/>
  </testcase> <!-- @AfterMethod getResults -->
  <testcase name="@BeforeMethod setUp" time="0.0" classname="com.bml.qa.testScripts.bulkLeadUpdatePageTest">
    <skipped/>
  </testcase> <!-- @BeforeMethod setUp -->
  <testcase name="@AfterMethod getResults" time="0.0" classname="com.bml.qa.testScripts.bulkLeadUpdatePageTest">
    <skipped/>
  </testcase> <!-- @AfterMethod getResults -->
  <testcase name="verifyCancelButtonfield" time="0.336" classname="com.bml.qa.testScripts.bulkLeadUpdatePageTest"/>
  <testcase name="verifyClicktoBrowsefield" time="0.0" classname="com.bml.qa.testScripts.bulkLeadUpdatePageTest">
    <skipped/>
  </testcase> <!-- verifyClicktoBrowsefield -->
  <testcase name="verifyProcessLeadsfield" time="0.0" classname="com.bml.qa.testScripts.bulkLeadUpdatePageTest">
    <skipped/>
  </testcase> <!-- verifyProcessLeadsfield -->
  <testcase name="verifyBulkLeadUpdatePageFooter" time="0.0" classname="com.bml.qa.testScripts.bulkLeadUpdatePageTest">
    <skipped/>
  </testcase> <!-- verifyBulkLeadUpdatePageFooter -->
  <testcase name="verifyCancelButtonStatus" time="0.0" classname="com.bml.qa.testScripts.bulkLeadUpdatePageTest">
    <skipped/>
  </testcase> <!-- verifyCancelButtonStatus -->
  <testcase name="verifyClicktoBrowsefieldStatuswithSelectClient" time="0.0" classname="com.bml.qa.testScripts.bulkLeadUpdatePageTest">
    <skipped/>
  </testcase> <!-- verifyClicktoBrowsefieldStatuswithSelectClient -->
  <testcase name="verifyErrormessagewithoutenterDropdownData" time="0.0" classname="com.bml.qa.testScripts.bulkLeadUpdatePageTest">
    <skipped/>
  </testcase> <!-- verifyErrormessagewithoutenterDropdownData -->
  <testcase name="verifyErrormessagewithoutuploadfile" time="0.0" classname="com.bml.qa.testScripts.bulkLeadUpdatePageTest">
    <skipped/>
  </testcase> <!-- verifyErrormessagewithoutuploadfile -->
  <testcase name="verifyProcessLeadsfieldStatus" time="0.0" classname="com.bml.qa.testScripts.bulkLeadUpdatePageTest">
    <skipped/>
  </testcase> <!-- verifyProcessLeadsfieldStatus -->
  <testcase name="verifyClientsDropdownDefaultData" time="0.0" classname="com.bml.qa.testScripts.bulkLeadUpdatePageTest">
    <skipped/>
  </testcase> <!-- verifyClientsDropdownDefaultData -->
  <testcase name="verifyFileUpload" time="0.0" classname="com.bml.qa.testScripts.bulkLeadUpdatePageTest">
    <skipped/>
  </testcase> <!-- verifyFileUpload -->
  <testcase name="verifyBulkLeadUpdatesMenu" time="0.0" classname="com.bml.qa.testScripts.bulkLeadUpdatePageTest">
    <ignored/>
  </testcase> <!-- verifyBulkLeadUpdatesMenu -->
  <testcase name="verifyGlobalDropdownfieldfromBulkPage" time="0.0" classname="com.bml.qa.testScripts.bulkLeadUpdatePageTest">
    <ignored/>
  </testcase> <!-- verifyGlobalDropdownfieldfromBulkPage -->
  <testcase name="verifyLeadsMenuStatusfromBulkPage" time="0.0" classname="com.bml.qa.testScripts.bulkLeadUpdatePageTest">
    <ignored/>
  </testcase> <!-- verifyLeadsMenuStatusfromBulkPage -->
  <testcase name="verifyClientsDropdownStatus" time="0.0" classname="com.bml.qa.testScripts.bulkLeadUpdatePageTest">
    <ignored/>
  </testcase> <!-- verifyClientsDropdownStatus -->
  <testcase name="verifyManageUsersMenuFuncfromBulkPage" time="0.0" classname="com.bml.qa.testScripts.bulkLeadUpdatePageTest">
    <ignored/>
  </testcase> <!-- verifyManageUsersMenuFuncfromBulkPage -->
  <testcase name="verifyClientsDropdownLabel" time="0.0" classname="com.bml.qa.testScripts.bulkLeadUpdatePageTest">
    <ignored/>
  </testcase> <!-- verifyClientsDropdownLabel -->
  <testcase name="verifyManageUsersMenuStatusfromBulkPage" time="0.0" classname="com.bml.qa.testScripts.bulkLeadUpdatePageTest">
    <ignored/>
  </testcase> <!-- verifyManageUsersMenuStatusfromBulkPage -->
  <testcase name="verifyManageUsersMenufromBulkPage" time="0.0" classname="com.bml.qa.testScripts.bulkLeadUpdatePageTest">
    <ignored/>
  </testcase> <!-- verifyManageUsersMenufromBulkPage -->
  <testcase name="verifyBulkLeadUpdatesMenuStatus" time="0.0" classname="com.bml.qa.testScripts.bulkLeadUpdatePageTest">
    <ignored/>
  </testcase> <!-- verifyBulkLeadUpdatesMenuStatus -->
  <testcase name="verifyBulkLeadUpdatesLogo" time="0.0" classname="com.bml.qa.testScripts.bulkLeadUpdatePageTest">
    <ignored/>
  </testcase> <!-- verifyBulkLeadUpdatesLogo -->
  <testcase name="verifyLeadsMenufromBulkPage" time="0.0" classname="com.bml.qa.testScripts.bulkLeadUpdatePageTest">
    <ignored/>
  </testcase> <!-- verifyLeadsMenufromBulkPage -->
  <testcase name="verifyDataMigrationMenufromBulkPage" time="0.0" classname="com.bml.qa.testScripts.bulkLeadUpdatePageTest">
    <ignored/>
  </testcase> <!-- verifyDataMigrationMenufromBulkPage -->
  <testcase name="verifyDataSelectionfromDropdown" time="0.0" classname="com.bml.qa.testScripts.bulkLeadUpdatePageTest">
    <ignored/>
  </testcase> <!-- verifyDataSelectionfromDropdown -->
  <testcase name="verifyIPConfigMenuFuncfromBulkPage" time="0.0" classname="com.bml.qa.testScripts.bulkLeadUpdatePageTest">
    <ignored/>
  </testcase> <!-- verifyIPConfigMenuFuncfromBulkPage -->
  <testcase name="verifyClientsDropdownData" time="0.0" classname="com.bml.qa.testScripts.bulkLeadUpdatePageTest">
    <ignored/>
  </testcase> <!-- verifyClientsDropdownData -->
  <testcase name="verifyIPConfigMenufromBulkPage" time="0.0" classname="com.bml.qa.testScripts.bulkLeadUpdatePageTest">
    <ignored/>
  </testcase> <!-- verifyIPConfigMenufromBulkPage -->
  <testcase name="verifyLeadsMenuClickfromBulkPage" time="0.0" classname="com.bml.qa.testScripts.bulkLeadUpdatePageTest">
    <ignored/>
  </testcase> <!-- verifyLeadsMenuClickfromBulkPage -->
  <testcase name="verifyTitle" time="0.0" classname="com.bml.qa.testScripts.bulkLeadUpdatePageTest">
    <ignored/>
  </testcase> <!-- verifyTitle -->
  <testcase name="verifyGlobalDropdownfieldStatusfromBulkPage" time="0.0" classname="com.bml.qa.testScripts.bulkLeadUpdatePageTest">
    <ignored/>
  </testcase> <!-- verifyGlobalDropdownfieldStatusfromBulkPage -->
  <testcase name="verifyIPConfigMenuStatusfromBulkPage" time="0.0" classname="com.bml.qa.testScripts.bulkLeadUpdatePageTest">
    <ignored/>
  </testcase> <!-- verifyIPConfigMenuStatusfromBulkPage -->
  <testcase name="verifyBulkLeadUpdatesHeader" time="0.0" classname="com.bml.qa.testScripts.bulkLeadUpdatePageTest">
    <ignored/>
  </testcase> <!-- verifyBulkLeadUpdatesHeader -->
  <testcase name="verifyDataMigrationMenuStatusfromBulkPage" time="0.0" classname="com.bml.qa.testScripts.bulkLeadUpdatePageTest">
    <ignored/>
  </testcase> <!-- verifyDataMigrationMenuStatusfromBulkPage -->
  <testcase name="verifyBulkLeadUpdatesMenuFunc" time="0.0" classname="com.bml.qa.testScripts.bulkLeadUpdatePageTest">
    <ignored/>
  </testcase> <!-- verifyBulkLeadUpdatesMenuFunc -->
  <testcase name="verifyDataMigrationMenuFuncfromBulkPage" time="0.0" classname="com.bml.qa.testScripts.bulkLeadUpdatePageTest">
    <ignored/>
  </testcase> <!-- verifyDataMigrationMenuFuncfromBulkPage -->
  <testcase name="verifyClientsDropdownfield" time="0.0" classname="com.bml.qa.testScripts.bulkLeadUpdatePageTest">
    <ignored/>
  </testcase> <!-- verifyClientsDropdownfield -->
</testsuite> <!-- Chrome Test -->
