<?xml version="1.0" encoding="UTF-8"?>
<!-- Generated by org.testng.reporters.JUnitReportReporter -->
<testsuite skipped="37" hostname="Appshark59" name="com.bml.qa.testScripts.changePasswordPageTest" tests="39" failures="0" timestamp="26 Sep 2018 09:52:00 GMT" time="75.556" errors="1">
  <testcase name="setUp" time="75.448" classname="com.bml.qa.testScripts.changePasswordPageTest">
    <error type="org.openqa.selenium.NoSuchWindowException" message="no such window: target window already closed
from unknown error: web view not found
  (Session info: chrome=69.0.3497.100)
  (Driver info: chromedriver=2.40.565498 (ea082db3280dd6843ebfb08a625e3eb905c4f5ab),platform=Windows NT 10.0.14393 x86_64) (WARNING: The server did not provide any stacktrace information)
Command duration or timeout: 0 milliseconds
Build info: version: &#039;3.13.0&#039;, revision: &#039;2f0d292&#039;, time: &#039;2018-06-25T15:24:21.231Z&#039;
System info: host: &#039;APPSHARK59&#039;, ip: &#039;192.168.11.233&#039;, os.name: &#039;Windows 10&#039;, os.arch: &#039;amd64&#039;, os.version: &#039;10.0&#039;, java.version: &#039;1.8.0_121&#039;
Driver info: org.openqa.selenium.chrome.ChromeDriver
Capabilities {acceptInsecureCerts: false, acceptSslCerts: false, applicationCacheEnabled: false, browserConnectionEnabled: false, browserName: chrome, chrome: {chromedriverVersion: 2.40.565498 (ea082db3280dd6..., userDataDir: C:\Users\rlekkala\AppData\L...}, cssSelectorsEnabled: true, databaseEnabled: false, handlesAlerts: true, hasTouchScreen: false, javascriptEnabled: true, locationContextEnabled: true, mobileEmulationEnabled: false, nativeEvents: true, networkConnectionEnabled: false, pageLoadStrategy: normal, platform: XP, platformName: XP, rotatable: false, setWindowRect: true, takesHeapSnapshot: true, takesScreenshot: true, unexpectedAlertBehaviour: , unhandledPromptBehavior: , version: 69.0.3497.100, webStorageEnabled: true}
Session ID: a6bcb6668ca4d5e18ba8548add18bf3c
*** Element info: {Using=css selector, value=input[id=&#039;username&#039;]}">
      <![CDATA[org.openqa.selenium.NoSuchWindowException: no such window: target window already closed
from unknown error: web view not found
  (Session info: chrome=69.0.3497.100)
  (Driver info: chromedriver=2.40.565498 (ea082db3280dd6843ebfb08a625e3eb905c4f5ab),platform=Windows NT 10.0.14393 x86_64) (WARNING: The server did not provide any stacktrace information)
Command duration or timeout: 0 milliseconds
Build info: version: '3.13.0', revision: '2f0d292', time: '2018-06-25T15:24:21.231Z'
System info: host: 'APPSHARK59', ip: '192.168.11.233', os.name: 'Windows 10', os.arch: 'amd64', os.version: '10.0', java.version: '1.8.0_121'
Driver info: org.openqa.selenium.chrome.ChromeDriver
Capabilities {acceptInsecureCerts: false, acceptSslCerts: false, applicationCacheEnabled: false, browserConnectionEnabled: false, browserName: chrome, chrome: {chromedriverVersion: 2.40.565498 (ea082db3280dd6..., userDataDir: C:\Users\rlekkala\AppData\L...}, cssSelectorsEnabled: true, databaseEnabled: false, handlesAlerts: true, hasTouchScreen: false, javascriptEnabled: true, locationContextEnabled: true, mobileEmulationEnabled: false, nativeEvents: true, networkConnectionEnabled: false, pageLoadStrategy: normal, platform: XP, platformName: XP, rotatable: false, setWindowRect: true, takesHeapSnapshot: true, takesScreenshot: true, unexpectedAlertBehaviour: , unhandledPromptBehavior: , version: 69.0.3497.100, webStorageEnabled: true}
Session ID: a6bcb6668ca4d5e18ba8548add18bf3c
*** Element info: {Using=css selector, value=input[id='username']}
at sun.reflect.NativeConstructorAccessorImpl.newInstance0(Native Method)
at sun.reflect.NativeConstructorAccessorImpl.newInstance(NativeConstructorAccessorImpl.java:62)
at sun.reflect.DelegatingConstructorAccessorImpl.newInstance(DelegatingConstructorAccessorImpl.java:45)
at java.lang.reflect.Constructor.newInstance(Constructor.java:423)
at org.openqa.selenium.remote.ErrorHandler.createThrowable(ErrorHandler.java:214)
at org.openqa.selenium.remote.ErrorHandler.throwIfResponseFailed(ErrorHandler.java:166)
at org.openqa.selenium.remote.http.JsonHttpResponseCodec.reconstructValue(JsonHttpResponseCodec.java:40)
at org.openqa.selenium.remote.http.AbstractHttpResponseCodec.decode(AbstractHttpResponseCodec.java:80)
at org.openqa.selenium.remote.http.AbstractHttpResponseCodec.decode(AbstractHttpResponseCodec.java:44)
at org.openqa.selenium.remote.HttpCommandExecutor.execute(HttpCommandExecutor.java:158)
at org.openqa.selenium.remote.service.DriverCommandExecutor.execute(DriverCommandExecutor.java:83)
at org.openqa.selenium.remote.RemoteWebDriver.execute(RemoteWebDriver.java:548)
at org.openqa.selenium.remote.RemoteWebDriver.findElement(RemoteWebDriver.java:322)
at org.openqa.selenium.remote.RemoteWebDriver.findElementByCssSelector(RemoteWebDriver.java:416)
at org.openqa.selenium.By$ByCssSelector.findElement(By.java:431)
at org.openqa.selenium.remote.RemoteWebDriver.findElement(RemoteWebDriver.java:314)
at org.openqa.selenium.support.pagefactory.DefaultElementLocator.findElement(DefaultElementLocator.java:69)
at org.openqa.selenium.support.pagefactory.internal.LocatingElementHandler.invoke(LocatingElementHandler.java:38)
at com.sun.proxy.$Proxy10.sendKeys(Unknown Source)
at com.bml.qa.pages.loginPage.loginTest(loginPage.java:231)
at com.bml.qa.testScripts.changePasswordPageTest.setUp(changePasswordPageTest.java:38)
at sun.reflect.NativeMethodAccessorImpl.invoke0(Native Method)
at sun.reflect.NativeMethodAccessorImpl.invoke(NativeMethodAccessorImpl.java:62)
at sun.reflect.DelegatingMethodAccessorImpl.invoke(DelegatingMethodAccessorImpl.java:43)
at java.lang.reflect.Method.invoke(Method.java:498)
at org.testng.internal.MethodInvocationHelper.invokeMethod(MethodInvocationHelper.java:124)
at org.testng.internal.MethodInvocationHelper.invokeMethodConsideringTimeout(MethodInvocationHelper.java:59)
at org.testng.internal.Invoker.invokeConfigurationMethod(Invoker.java:458)
at org.testng.internal.Invoker.invokeConfigurations(Invoker.java:222)
at org.testng.internal.Invoker.invokeMethod(Invoker.java:523)
at org.testng.internal.Invoker.invokeTestMethod(Invoker.java:719)
at org.testng.internal.Invoker.invokeTestMethods(Invoker.java:989)
at org.testng.internal.TestMethodWorker.invokeTestMethods(TestMethodWorker.java:125)
at org.testng.internal.TestMethodWorker.run(TestMethodWorker.java:109)
at org.testng.TestRunner.privateRun(TestRunner.java:648)
at org.testng.TestRunner.run(TestRunner.java:505)
at org.testng.SuiteRunner.runTest(SuiteRunner.java:455)
at org.testng.SuiteRunner.runSequentially(SuiteRunner.java:450)
at org.testng.SuiteRunner.privateRun(SuiteRunner.java:415)
at org.testng.SuiteRunner.run(SuiteRunner.java:364)
at org.testng.SuiteRunnerWorker.runSuite(SuiteRunnerWorker.java:52)
at org.testng.SuiteRunnerWorker.run(SuiteRunnerWorker.java:84)
at org.testng.TestNG.runSuitesSequentially(TestNG.java:1208)
at org.testng.TestNG.runSuitesLocally(TestNG.java:1137)
at org.testng.TestNG.runSuites(TestNG.java:1049)
at org.testng.TestNG.run(TestNG.java:1017)
at org.testng.remote.AbstractRemoteTestNG.run(AbstractRemoteTestNG.java:114)
at org.testng.remote.RemoteTestNG.initAndRun(RemoteTestNG.java:251)
at org.testng.remote.RemoteTestNG.main(RemoteTestNG.java:77)
]]>
    </error>
  </testcase> <!-- setUp -->
  <testcase name="verifyOldPasswordLabel" time="0.108" classname="com.bml.qa.testScripts.changePasswordPageTest"/>
  <testcase name="validateNewPasswordField" time="0.000" classname="com.bml.qa.testScripts.changePasswordPageTest">
    <skipped/>
  </testcase> <!-- validateNewPasswordField -->
  <testcase name="validateSubmitButton" classname="com.bml.qa.testScripts.changePasswordPageTest">
    <skipped/>
  </testcase> <!-- validateSubmitButton -->
  <testcase name="verifySubmitButtonStatus" classname="com.bml.qa.testScripts.changePasswordPageTest">
    <skipped/>
  </testcase> <!-- verifySubmitButtonStatus -->
  <testcase name="validateConfirmPasswordField" classname="com.bml.qa.testScripts.changePasswordPageTest">
    <skipped/>
  </testcase> <!-- validateConfirmPasswordField -->
  <testcase name="verifyOldPasswordStatus" classname="com.bml.qa.testScripts.changePasswordPageTest">
    <skipped/>
  </testcase> <!-- verifyOldPasswordStatus -->
  <testcase name="verifySubmitButtonFuncwithOKButton" classname="com.bml.qa.testScripts.changePasswordPageTest">
    <skipped/>
  </testcase> <!-- verifySubmitButtonFuncwithOKButton -->
  <testcase name="validateChangePasswordPageHeader" classname="com.bml.qa.testScripts.changePasswordPageTest">
    <skipped/>
  </testcase> <!-- validateChangePasswordPageHeader -->
  <testcase name="verifyResetButtonBackGroundColor" classname="com.bml.qa.testScripts.changePasswordPageTest">
    <skipped/>
  </testcase> <!-- verifyResetButtonBackGroundColor -->
  <testcase name="validateChangePasswordPageTitle" classname="com.bml.qa.testScripts.changePasswordPageTest">
    <skipped/>
  </testcase> <!-- validateChangePasswordPageTitle -->
  <testcase name="verifyErrormessagewithEmptyData" classname="com.bml.qa.testScripts.changePasswordPageTest">
    <skipped/>
  </testcase> <!-- verifyErrormessagewithEmptyData -->
  <testcase name="verifyErrormessagewithInvalidConfirmPassword" classname="com.bml.qa.testScripts.changePasswordPageTest">
    <skipped/>
  </testcase> <!-- verifyErrormessagewithInvalidConfirmPassword -->
  <testcase name="verifyErrormessagewithMismatchNewConfirmPassword" classname="com.bml.qa.testScripts.changePasswordPageTest">
    <skipped/>
  </testcase> <!-- verifyErrormessagewithMismatchNewConfirmPassword -->
  <testcase name="validateGlobalDropdownfield" classname="com.bml.qa.testScripts.changePasswordPageTest">
    <skipped/>
  </testcase> <!-- validateGlobalDropdownfield -->
  <testcase name="validateProfileImageStatus" classname="com.bml.qa.testScripts.changePasswordPageTest">
    <skipped/>
  </testcase> <!-- validateProfileImageStatus -->
  <testcase name="verifyResetButtonFunc" classname="com.bml.qa.testScripts.changePasswordPageTest">
    <skipped/>
  </testcase> <!-- verifyResetButtonFunc -->
  <testcase name="verifySubmitButtonBackGroundColor" classname="com.bml.qa.testScripts.changePasswordPageTest">
    <skipped/>
  </testcase> <!-- verifySubmitButtonBackGroundColor -->
  <testcase name="verifyResetButtonStatus" classname="com.bml.qa.testScripts.changePasswordPageTest">
    <skipped/>
  </testcase> <!-- verifyResetButtonStatus -->
  <testcase name="verifyNewPasswordStatus" classname="com.bml.qa.testScripts.changePasswordPageTest">
    <skipped/>
  </testcase> <!-- verifyNewPasswordStatus -->
  <testcase name="verifyErrormessagewithInvalidNewPassword" classname="com.bml.qa.testScripts.changePasswordPageTest">
    <skipped/>
  </testcase> <!-- verifyErrormessagewithInvalidNewPassword -->
  <testcase name="validateOldPasswordField" classname="com.bml.qa.testScripts.changePasswordPageTest">
    <skipped/>
  </testcase> <!-- validateOldPasswordField -->
  <testcase name="validateChangePasswordImageClick" classname="com.bml.qa.testScripts.changePasswordPageTest">
    <skipped/>
  </testcase> <!-- validateChangePasswordImageClick -->
  <testcase name="verifyErrormessagewithEmptyNewPassword" classname="com.bml.qa.testScripts.changePasswordPageTest">
    <skipped/>
  </testcase> <!-- verifyErrormessagewithEmptyNewPassword -->
  <testcase name="validateChangePasswordPageLogo" classname="com.bml.qa.testScripts.changePasswordPageTest">
    <skipped/>
  </testcase> <!-- validateChangePasswordPageLogo -->
  <testcase name="validateResetButton" classname="com.bml.qa.testScripts.changePasswordPageTest">
    <skipped/>
  </testcase> <!-- validateResetButton -->
  <testcase name="verifyGlobalDropdownStatus" classname="com.bml.qa.testScripts.changePasswordPageTest">
    <skipped/>
  </testcase> <!-- verifyGlobalDropdownStatus -->
  <testcase name="verifyConfirmPasswordLabel" classname="com.bml.qa.testScripts.changePasswordPageTest">
    <skipped/>
  </testcase> <!-- verifyConfirmPasswordLabel -->
  <testcase name="verifyErrormessagewithWrongOldPassword" classname="com.bml.qa.testScripts.changePasswordPageTest">
    <skipped/>
  </testcase> <!-- verifyErrormessagewithWrongOldPassword -->
  <testcase name="verifyConfirmPasswordStatus" classname="com.bml.qa.testScripts.changePasswordPageTest">
    <skipped/>
  </testcase> <!-- verifyConfirmPasswordStatus -->
  <testcase name="verifySubmitButtonFuncSuccessmessage" classname="com.bml.qa.testScripts.changePasswordPageTest">
    <skipped/>
  </testcase> <!-- verifySubmitButtonFuncSuccessmessage -->
  <testcase name="validateChangePasswordImageStatus" classname="com.bml.qa.testScripts.changePasswordPageTest">
    <skipped/>
  </testcase> <!-- validateChangePasswordImageStatus -->
  <testcase name="validateChangePasswordImage" classname="com.bml.qa.testScripts.changePasswordPageTest">
    <skipped/>
  </testcase> <!-- validateChangePasswordImage -->
  <testcase name="verifyNewPasswordLabel" classname="com.bml.qa.testScripts.changePasswordPageTest">
    <skipped/>
  </testcase> <!-- verifyNewPasswordLabel -->
  <testcase name="verifyFootermessage" classname="com.bml.qa.testScripts.changePasswordPageTest">
    <skipped/>
  </testcase> <!-- verifyFootermessage -->
  <testcase name="validateProfileImage" classname="com.bml.qa.testScripts.changePasswordPageTest">
    <skipped/>
  </testcase> <!-- validateProfileImage -->
  <testcase name="verifyErrormessagewithRecentNewPassword" classname="com.bml.qa.testScripts.changePasswordPageTest">
    <skipped/>
  </testcase> <!-- verifyErrormessagewithRecentNewPassword -->
  <testcase name="verifyErrormessagewithEmptyConfirmPassword" classname="com.bml.qa.testScripts.changePasswordPageTest">
    <skipped/>
  </testcase> <!-- verifyErrormessagewithEmptyConfirmPassword -->
  <testcase name="verifyErrormessagewithInvalidOldPassword" classname="com.bml.qa.testScripts.changePasswordPageTest">
    <skipped/>
  </testcase> <!-- verifyErrormessagewithInvalidOldPassword -->
</testsuite> <!-- com.bml.qa.testScripts.changePasswordPageTest -->
