<?xml version="1.0" encoding="UTF-8"?>
<!-- Generated by org.testng.reporters.JUnitReportReporter -->
<testsuite skipped="22" hostname="Appshark59" name="com.bml.qa.testScripts.loginPageTest" tests="26" failures="0" timestamp="27 Sep 2018 06:25:40 GMT" time="57.277" errors="3">
  <testcase name="getResults" time="27.861" classname="com.bml.qa.testScripts.loginPageTest">
    <error type="org.openqa.selenium.NoSuchSessionException" message="Session ID is null. Using WebDriver after calling quit()?
Build info: version: &#039;3.13.0&#039;, revision: &#039;2f0d292&#039;, time: &#039;2018-06-25T15:24:21.231Z&#039;
System info: host: &#039;APPSHARK59&#039;, ip: &#039;192.168.11.233&#039;, os.name: &#039;Windows 10&#039;, os.arch: &#039;amd64&#039;, os.version: &#039;10.0&#039;, java.version: &#039;1.8.0_121&#039;
Driver info: driver.version: RemoteWebDriver">
      <![CDATA[org.openqa.selenium.NoSuchSessionException: Session ID is null. Using WebDriver after calling quit()?
Build info: version: '3.13.0', revision: '2f0d292', time: '2018-06-25T15:24:21.231Z'
System info: host: 'APPSHARK59', ip: '192.168.11.233', os.name: 'Windows 10', os.arch: 'amd64', os.version: '10.0', java.version: '1.8.0_121'
Driver info: driver.version: RemoteWebDriver
at org.openqa.selenium.remote.HttpCommandExecutor.execute(HttpCommandExecutor.java:125)
at org.openqa.selenium.remote.service.DriverCommandExecutor.execute(DriverCommandExecutor.java:83)
at org.openqa.selenium.remote.RemoteWebDriver.execute(RemoteWebDriver.java:548)
at org.openqa.selenium.remote.RemoteWebDriver.execute(RemoteWebDriver.java:605)
at org.openqa.selenium.remote.RemoteWebDriver.getScreenshotAs(RemoteWebDriver.java:294)
at com.bml.qa.util.testUtil.takeScreenshot(testUtil.java:48)
at com.bml.qa.testScripts.loginPageTest.getResults(loginPageTest.java:334)
at sun.reflect.NativeMethodAccessorImpl.invoke0(Native Method)
at sun.reflect.NativeMethodAccessorImpl.invoke(NativeMethodAccessorImpl.java:62)
at sun.reflect.DelegatingMethodAccessorImpl.invoke(DelegatingMethodAccessorImpl.java:43)
at java.lang.reflect.Method.invoke(Method.java:498)
at org.testng.internal.MethodInvocationHelper.invokeMethod(MethodInvocationHelper.java:124)
at org.testng.internal.MethodInvocationHelper.invokeMethodConsideringTimeout(MethodInvocationHelper.java:59)
at org.testng.internal.Invoker.invokeConfigurationMethod(Invoker.java:455)
at org.testng.internal.Invoker.invokeConfigurations(Invoker.java:222)
at org.testng.internal.Invoker.invokeMethod(Invoker.java:643)
at org.testng.internal.Invoker.invokeTestMethod(Invoker.java:716)
at org.testng.internal.Invoker.invokeTestMethods(Invoker.java:988)
at org.testng.internal.TestMethodWorker.invokeTestMethods(TestMethodWorker.java:125)
at org.testng.internal.TestMethodWorker.run(TestMethodWorker.java:109)
at org.testng.TestRunner.privateRun(TestRunner.java:648)
at org.testng.TestRunner.run(TestRunner.java:505)
at org.testng.SuiteRunner.runTest(SuiteRunner.java:455)
at org.testng.SuiteRunner.runSequentially(SuiteRunner.java:450)
at org.testng.SuiteRunner.privateRun(SuiteRunner.java:415)
at org.testng.SuiteRunner.run(SuiteRunner.java:364)
at org.testng.SuiteRunnerWorker.runSuite(SuiteRunnerWorker.java:52)
at org.testng.SuiteRunnerWorker.run(SuiteRunnerWorker.java:84)
at org.testng.TestNG.runSuitesSequentially(TestNG.java:1208)
at org.testng.TestNG.runSuitesLocally(TestNG.java:1137)
at org.testng.TestNG.runSuites(TestNG.java:1049)
at org.testng.TestNG.run(TestNG.java:1017)
at org.testng.remote.AbstractRemoteTestNG.run(AbstractRemoteTestNG.java:114)
at org.testng.remote.RemoteTestNG.initAndRun(RemoteTestNG.java:251)
at org.testng.remote.RemoteTestNG.main(RemoteTestNG.java:77)
]]>
    </error>
  </testcase> <!-- getResults -->
  <testcase name="verifyTitle" time="28.590" classname="com.bml.qa.testScripts.loginPageTest"/>
  <testcase name="verifyLogoDisplay" time="0.059" classname="com.bml.qa.testScripts.loginPageTest">
    <error type="org.openqa.selenium.WebDriverException" message="unknown error: Runtime.evaluate threw exception: SyntaxError: missing ) after argument list
  (Session info: chrome=69.0.3497.100)
  (Driver info: chromedriver=2.40.565498 (ea082db3280dd6843ebfb08a625e3eb905c4f5ab),platform=Windows NT 10.0.14393 x86_64) (WARNING: The server did not provide any stacktrace information)
Command duration or timeout: 0 milliseconds
Build info: version: &#039;3.13.0&#039;, revision: &#039;2f0d292&#039;, time: &#039;2018-06-25T15:24:21.231Z&#039;
System info: host: &#039;APPSHARK59&#039;, ip: &#039;192.168.11.233&#039;, os.name: &#039;Windows 10&#039;, os.arch: &#039;amd64&#039;, os.version: &#039;10.0&#039;, java.version: &#039;1.8.0_121&#039;
Driver info: org.openqa.selenium.chrome.ChromeDriver
Capabilities {acceptInsecureCerts: false, acceptSslCerts: false, applicationCacheEnabled: false, browserConnectionEnabled: false, browserName: chrome, chrome: {chromedriverVersion: 2.40.565498 (ea082db3280dd6..., userDataDir: C:\Users\rlekkala\AppData\L...}, cssSelectorsEnabled: true, databaseEnabled: false, handlesAlerts: true, hasTouchScreen: false, javascriptEnabled: true, locationContextEnabled: true, mobileEmulationEnabled: false, nativeEvents: true, networkConnectionEnabled: false, pageLoadStrategy: normal, platform: XP, platformName: XP, rotatable: false, setWindowRect: true, takesHeapSnapshot: true, takesScreenshot: true, unexpectedAlertBehaviour: , unhandledPromptBehavior: , version: 69.0.3497.100, webStorageEnabled: true}
Session ID: 9944890690c53c929a2bd81d9f09741a">
      <![CDATA[org.openqa.selenium.WebDriverException: unknown error: Runtime.evaluate threw exception: SyntaxError: missing ) after argument list
  (Session info: chrome=69.0.3497.100)
  (Driver info: chromedriver=2.40.565498 (ea082db3280dd6843ebfb08a625e3eb905c4f5ab),platform=Windows NT 10.0.14393 x86_64) (WARNING: The server did not provide any stacktrace information)
Command duration or timeout: 0 milliseconds
Build info: version: '3.13.0', revision: '2f0d292', time: '2018-06-25T15:24:21.231Z'
System info: host: 'APPSHARK59', ip: '192.168.11.233', os.name: 'Windows 10', os.arch: 'amd64', os.version: '10.0', java.version: '1.8.0_121'
Driver info: org.openqa.selenium.chrome.ChromeDriver
Capabilities {acceptInsecureCerts: false, acceptSslCerts: false, applicationCacheEnabled: false, browserConnectionEnabled: false, browserName: chrome, chrome: {chromedriverVersion: 2.40.565498 (ea082db3280dd6..., userDataDir: C:\Users\rlekkala\AppData\L...}, cssSelectorsEnabled: true, databaseEnabled: false, handlesAlerts: true, hasTouchScreen: false, javascriptEnabled: true, locationContextEnabled: true, mobileEmulationEnabled: false, nativeEvents: true, networkConnectionEnabled: false, pageLoadStrategy: normal, platform: XP, platformName: XP, rotatable: false, setWindowRect: true, takesHeapSnapshot: true, takesScreenshot: true, unexpectedAlertBehaviour: , unhandledPromptBehavior: , version: 69.0.3497.100, webStorageEnabled: true}
Session ID: 9944890690c53c929a2bd81d9f09741a
at sun.reflect.NativeConstructorAccessorImpl.newInstance0(Native Method)
at sun.reflect.NativeConstructorAccessorImpl.newInstance(NativeConstructorAccessorImpl.java:62)
at sun.reflect.DelegatingConstructorAccessorImpl.newInstance(DelegatingConstructorAccessorImpl.java:45)
at java.lang.reflect.Constructor.newInstance(Constructor.java:423)
at org.openqa.selenium.remote.ErrorHandler.createThrowable(ErrorHandler.java:214)
at org.openqa.selenium.remote.ErrorHandler.throwIfResponseFailed(ErrorHandler.java:166)
at org.openqa.selenium.remote.http.JsonHttpResponseCodec.reconstructValue(JsonHttpResponseCodec.java:40)
at org.openqa.selenium.remote.http.AbstractHttpResponseCodec.decode(AbstractHttpResponseCodec.java:80)
at org.openqa.selenium.remote.http.AbstractHttpResponseCodec.decode(AbstractHttpResponseCodec.java:44)
at org.openqa.selenium.remote.HttpCommandExecutor.execute(HttpCommandExecutor.java:158)
at org.openqa.selenium.remote.service.DriverCommandExecutor.execute(DriverCommandExecutor.java:83)
at org.openqa.selenium.remote.RemoteWebDriver.execute(RemoteWebDriver.java:548)
at org.openqa.selenium.remote.RemoteWebDriver.executeScript(RemoteWebDriver.java:485)
at com.bml.qa.util.testUtil.highlightElement(testUtil.java:80)
at com.bml.qa.pages.loginPage.validateLogo(loginPage.java:67)
at com.bml.qa.testScripts.loginPageTest.verifyLogoDisplay(loginPageTest.java:73)
at sun.reflect.NativeMethodAccessorImpl.invoke0(Native Method)
at sun.reflect.NativeMethodAccessorImpl.invoke(NativeMethodAccessorImpl.java:62)
at sun.reflect.DelegatingMethodAccessorImpl.invoke(DelegatingMethodAccessorImpl.java:43)
at java.lang.reflect.Method.invoke(Method.java:498)
at org.testng.internal.MethodInvocationHelper.invokeMethod(MethodInvocationHelper.java:124)
at org.testng.internal.Invoker.invokeMethod(Invoker.java:580)
at org.testng.internal.Invoker.invokeTestMethod(Invoker.java:716)
at org.testng.internal.Invoker.invokeTestMethods(Invoker.java:988)
at org.testng.internal.TestMethodWorker.invokeTestMethods(TestMethodWorker.java:125)
at org.testng.internal.TestMethodWorker.run(TestMethodWorker.java:109)
at org.testng.TestRunner.privateRun(TestRunner.java:648)
at org.testng.TestRunner.run(TestRunner.java:505)
at org.testng.SuiteRunner.runTest(SuiteRunner.java:455)
at org.testng.SuiteRunner.runSequentially(SuiteRunner.java:450)
at org.testng.SuiteRunner.privateRun(SuiteRunner.java:415)
at org.testng.SuiteRunner.run(SuiteRunner.java:364)
at org.testng.SuiteRunnerWorker.runSuite(SuiteRunnerWorker.java:52)
at org.testng.SuiteRunnerWorker.run(SuiteRunnerWorker.java:84)
at org.testng.TestNG.runSuitesSequentially(TestNG.java:1208)
at org.testng.TestNG.runSuitesLocally(TestNG.java:1137)
at org.testng.TestNG.runSuites(TestNG.java:1049)
at org.testng.TestNG.run(TestNG.java:1017)
at org.testng.remote.AbstractRemoteTestNG.run(AbstractRemoteTestNG.java:114)
at org.testng.remote.RemoteTestNG.initAndRun(RemoteTestNG.java:251)
at org.testng.remote.RemoteTestNG.main(RemoteTestNG.java:77)
]]>
    </error>
  </testcase> <!-- verifyLogoDisplay -->
  <testcase name="verifyAppHeaderMessage" time="0.000" classname="com.bml.qa.testScripts.loginPageTest">
    <skipped/>
  </testcase> <!-- verifyAppHeaderMessage -->
  <testcase name="verifyUsernameStatus" time="0.000" classname="com.bml.qa.testScripts.loginPageTest">
    <skipped/>
  </testcase> <!-- verifyUsernameStatus -->
  <testcase name="verifyUsernameExistance" time="0.000" classname="com.bml.qa.testScripts.loginPageTest">
    <skipped/>
  </testcase> <!-- verifyUsernameExistance -->
  <testcase name="verifyUsernameLabel" time="0.000" classname="com.bml.qa.testScripts.loginPageTest">
    <skipped/>
  </testcase> <!-- verifyUsernameLabel -->
  <testcase name="verifyForgotPasswordStatus" time="0.000" classname="com.bml.qa.testScripts.loginPageTest">
    <skipped/>
  </testcase> <!-- verifyForgotPasswordStatus -->
  <testcase name="verifyForgotPasswordExistance" time="0.000" classname="com.bml.qa.testScripts.loginPageTest">
    <skipped/>
  </testcase> <!-- verifyForgotPasswordExistance -->
  <testcase name="verifyPasswordStatus" time="0.000" classname="com.bml.qa.testScripts.loginPageTest">
    <skipped/>
  </testcase> <!-- verifyPasswordStatus -->
  <testcase name="verifyPasswordExistance" time="0.000" classname="com.bml.qa.testScripts.loginPageTest">
    <skipped/>
  </testcase> <!-- verifyPasswordExistance -->
  <testcase name="verifyPasswordLabel" time="0.000" classname="com.bml.qa.testScripts.loginPageTest">
    <skipped/>
  </testcase> <!-- verifyPasswordLabel -->
  <testcase name="verifySigninExistance" time="0.000" classname="com.bml.qa.testScripts.loginPageTest">
    <skipped/>
  </testcase> <!-- verifySigninExistance -->
  <testcase name="verifySigninStatus" time="0.000" classname="com.bml.qa.testScripts.loginPageTest">
    <skipped/>
  </testcase> <!-- verifySigninStatus -->
  <testcase name="verifyEmptyUsernameError" time="0.000" classname="com.bml.qa.testScripts.loginPageTest">
    <skipped/>
  </testcase> <!-- verifyEmptyUsernameError -->
  <testcase name="verifyEmptyPasswordError" time="0.000" classname="com.bml.qa.testScripts.loginPageTest">
    <skipped/>
  </testcase> <!-- verifyEmptyPasswordError -->
  <testcase name="verifyInvalidUserError" time="0.000" classname="com.bml.qa.testScripts.loginPageTest">
    <skipped/>
  </testcase> <!-- verifyInvalidUserError -->
  <testcase name="verifyInvalidPasswordError" time="0.000" classname="com.bml.qa.testScripts.loginPageTest">
    <skipped/>
  </testcase> <!-- verifyInvalidPasswordError -->
  <testcase name="verifyWrongUserError" time="0.000" classname="com.bml.qa.testScripts.loginPageTest">
    <skipped/>
  </testcase> <!-- verifyWrongUserError -->
  <testcase name="verifyWrongPasswordError" time="0.000" classname="com.bml.qa.testScripts.loginPageTest">
    <skipped/>
  </testcase> <!-- verifyWrongPasswordError -->
  <testcase name="verifyFooterMessage" time="0.000" classname="com.bml.qa.testScripts.loginPageTest">
    <skipped/>
  </testcase> <!-- verifyFooterMessage -->
  <testcase name="verifyForgotPasswordFun" time="0.767" classname="com.bml.qa.testScripts.loginPageTest">
    <error type="org.testng.internal.reflect.MethodMatcherException" message="
Data provider mismatch
Method: verifyForgotPasswordFun([])
Arguments: [(java.lang.String) ramana.lekkala@nuvemconsulting.com,(java.lang.String) ramana@123]">
      <![CDATA[org.testng.internal.reflect.MethodMatcherException: 
Data provider mismatch
Method: verifyForgotPasswordFun([])
Arguments: [(java.lang.String) ramana.lekkala@nuvemconsulting.com,(java.lang.String) ramana@123]
at org.testng.internal.reflect.DataProviderMethodMatcher.getConformingArguments(DataProviderMethodMatcher.java:45)
at org.testng.internal.Parameters.injectParameters(Parameters.java:796)
at org.testng.internal.Invoker.invokeTestMethods(Invoker.java:982)
at org.testng.internal.TestMethodWorker.invokeTestMethods(TestMethodWorker.java:125)
at org.testng.internal.TestMethodWorker.run(TestMethodWorker.java:109)
at org.testng.TestRunner.privateRun(TestRunner.java:648)
at org.testng.TestRunner.run(TestRunner.java:505)
at org.testng.SuiteRunner.runTest(SuiteRunner.java:455)
at org.testng.SuiteRunner.runSequentially(SuiteRunner.java:450)
at org.testng.SuiteRunner.privateRun(SuiteRunner.java:415)
at org.testng.SuiteRunner.run(SuiteRunner.java:364)
at org.testng.SuiteRunnerWorker.runSuite(SuiteRunnerWorker.java:52)
at org.testng.SuiteRunnerWorker.run(SuiteRunnerWorker.java:84)
at org.testng.TestNG.runSuitesSequentially(TestNG.java:1208)
at org.testng.TestNG.runSuitesLocally(TestNG.java:1137)
at org.testng.TestNG.runSuites(TestNG.java:1049)
at org.testng.TestNG.run(TestNG.java:1017)
at org.testng.remote.AbstractRemoteTestNG.run(AbstractRemoteTestNG.java:114)
at org.testng.remote.RemoteTestNG.initAndRun(RemoteTestNG.java:251)
at org.testng.remote.RemoteTestNG.main(RemoteTestNG.java:77)
]]>
    </error>
  </testcase> <!-- verifyForgotPasswordFun -->
  <testcase name="verifyLoginFun" time="0.000" classname="com.bml.qa.testScripts.loginPageTest">
    <skipped/>
  </testcase> <!-- verifyLoginFun -->
  <testcase name="verifyLoginFun" time="0.000" classname="com.bml.qa.testScripts.loginPageTest">
    <skipped/>
  </testcase> <!-- verifyLoginFun -->
  <testcase name="verifySigninText" classname="com.bml.qa.testScripts.loginPageTest">
    <skipped/>
  </testcase> <!-- verifySigninText -->
  <testcase name="verifyMultipleWrongPasswordError" classname="com.bml.qa.testScripts.loginPageTest">
    <skipped/>
  </testcase> <!-- verifyMultipleWrongPasswordError -->
</testsuite> <!-- com.bml.qa.testScripts.loginPageTest -->
