<?xml version="1.0" encoding="UTF-8"?>
<!-- Generated by org.testng.reporters.JUnitReportReporter -->
<testsuite skipped="35" hostname="LAPTOP-N7OIIR61" name="com.bml.qa.testScripts.bulkLeadUpdatePageTest" tests="37" failures="0" timestamp="08 Dec 2018 10:01:55 GMT" time="118.877" errors="1">
  <testcase name="setUp" time="118.541" classname="com.bml.qa.testScripts.bulkLeadUpdatePageTest">
    <error type="org.openqa.selenium.NoSuchElementException" message="no such element: Unable to locate element: {&quot;method&quot;:&quot;css selector&quot;,&quot;selector&quot;:&quot;input[id=&#039;username&#039;]&quot;}
  (Session info: chrome=71.0.3578.80)
  (Driver info: chromedriver=2.40.565498 (ea082db3280dd6843ebfb08a625e3eb905c4f5ab),platform=Windows NT 10.0.17134 x86_64) (WARNING: The server did not provide any stacktrace information)
Command duration or timeout: 0 milliseconds
For documentation on this error, please visit: http://seleniumhq.org/exceptions/no_such_element.html
Build info: version: &#039;3.13.0&#039;, revision: &#039;2f0d292&#039;, time: &#039;2018-06-25T15:24:21.231Z&#039;
System info: host: &#039;LAPTOP-N7OIIR61&#039;, ip: &#039;192.168.0.143&#039;, os.name: &#039;Windows 10&#039;, os.arch: &#039;amd64&#039;, os.version: &#039;10.0&#039;, java.version: &#039;1.8.0_111&#039;
Driver info: org.openqa.selenium.chrome.ChromeDriver
Capabilities {acceptInsecureCerts: false, acceptSslCerts: false, applicationCacheEnabled: false, browserConnectionEnabled: false, browserName: chrome, chrome: {chromedriverVersion: 2.40.565498 (ea082db3280dd6..., userDataDir: C:\Users\manda\AppData\Loca...}, cssSelectorsEnabled: true, databaseEnabled: false, handlesAlerts: true, hasTouchScreen: false, javascriptEnabled: true, locationContextEnabled: true, mobileEmulationEnabled: false, nativeEvents: true, networkConnectionEnabled: false, pageLoadStrategy: normal, platform: XP, platformName: XP, rotatable: false, setWindowRect: true, takesHeapSnapshot: true, takesScreenshot: true, unexpectedAlertBehaviour: , unhandledPromptBehavior: , version: 71.0.3578.80, webStorageEnabled: true}
Session ID: 3b1e184558fadf5f54df3659e8d9f252
*** Element info: {Using=css selector, value=input[id=&#039;username&#039;]}">
      <![CDATA[org.openqa.selenium.NoSuchElementException: no such element: Unable to locate element: {"method":"css selector","selector":"input[id='username']"}
  (Session info: chrome=71.0.3578.80)
  (Driver info: chromedriver=2.40.565498 (ea082db3280dd6843ebfb08a625e3eb905c4f5ab),platform=Windows NT 10.0.17134 x86_64) (WARNING: The server did not provide any stacktrace information)
Command duration or timeout: 0 milliseconds
For documentation on this error, please visit: http://seleniumhq.org/exceptions/no_such_element.html
Build info: version: '3.13.0', revision: '2f0d292', time: '2018-06-25T15:24:21.231Z'
System info: host: 'LAPTOP-N7OIIR61', ip: '192.168.0.143', os.name: 'Windows 10', os.arch: 'amd64', os.version: '10.0', java.version: '1.8.0_111'
Driver info: org.openqa.selenium.chrome.ChromeDriver
Capabilities {acceptInsecureCerts: false, acceptSslCerts: false, applicationCacheEnabled: false, browserConnectionEnabled: false, browserName: chrome, chrome: {chromedriverVersion: 2.40.565498 (ea082db3280dd6..., userDataDir: C:\Users\manda\AppData\Loca...}, cssSelectorsEnabled: true, databaseEnabled: false, handlesAlerts: true, hasTouchScreen: false, javascriptEnabled: true, locationContextEnabled: true, mobileEmulationEnabled: false, nativeEvents: true, networkConnectionEnabled: false, pageLoadStrategy: normal, platform: XP, platformName: XP, rotatable: false, setWindowRect: true, takesHeapSnapshot: true, takesScreenshot: true, unexpectedAlertBehaviour: , unhandledPromptBehavior: , version: 71.0.3578.80, webStorageEnabled: true}
Session ID: 3b1e184558fadf5f54df3659e8d9f252
*** Element info: {Using=css selector, value=input[id='username']}
at sun.reflect.NativeConstructorAccessorImpl.newInstance0(Native Method)
at sun.reflect.NativeConstructorAccessorImpl.newInstance(NativeConstructorAccessorImpl.java:62)
at sun.reflect.DelegatingConstructorAccessorImpl.newInstance(DelegatingConstructorAccessorImpl.java:45)
at java.lang.reflect.Constructor.newInstance(Constructor.java:423)
at org.openqa.selenium.remote.ErrorHandler.createThrowable(ErrorHandler.java:214)
at org.openqa.selenium.remote.ErrorHandler.throwIfResponseFailed(ErrorHandler.java:166)
at org.openqa.selenium.remote.http.JsonHttpResponseCodec.reconstructValue(JsonHttpResponseCodec.java:40)
at org.openqa.selenium.remote.http.AbstractHttpResponseCodec.decode(AbstractHttpResponseCodec.java:80)
at org.openqa.selenium.remote.http.AbstractHttpResponseCodec.decode(AbstractHttpResponseCodec.java:44)
at org.openqa.selenium.remote.HttpCommandExecutor.execute(HttpCommandExecutor.java:158)
at org.openqa.selenium.remote.service.DriverCommandExecutor.execute(DriverCommandExecutor.java:83)
at org.openqa.selenium.remote.RemoteWebDriver.execute(RemoteWebDriver.java:548)
at org.openqa.selenium.remote.RemoteWebDriver.findElement(RemoteWebDriver.java:322)
at org.openqa.selenium.remote.RemoteWebDriver.findElementByCssSelector(RemoteWebDriver.java:416)
at org.openqa.selenium.By$ByCssSelector.findElement(By.java:431)
at org.openqa.selenium.remote.RemoteWebDriver.findElement(RemoteWebDriver.java:314)
at org.openqa.selenium.support.pagefactory.DefaultElementLocator.findElement(DefaultElementLocator.java:69)
at org.openqa.selenium.support.pagefactory.internal.LocatingElementHandler.invoke(LocatingElementHandler.java:38)
at com.sun.proxy.$Proxy8.sendKeys(Unknown Source)
at com.bml.qa.pages.loginPage.loginTest(loginPage.java:238)
at com.bml.qa.testScripts.bulkLeadUpdatePageTest.setUp(bulkLeadUpdatePageTest.java:38)
at sun.reflect.NativeMethodAccessorImpl.invoke0(Native Method)
at sun.reflect.NativeMethodAccessorImpl.invoke(NativeMethodAccessorImpl.java:62)
at sun.reflect.DelegatingMethodAccessorImpl.invoke(DelegatingMethodAccessorImpl.java:43)
at java.lang.reflect.Method.invoke(Method.java:498)
at org.testng.internal.MethodInvocationHelper.invokeMethod(MethodInvocationHelper.java:124)
at org.testng.internal.MethodInvocationHelper.invokeMethodConsideringTimeout(MethodInvocationHelper.java:59)
at org.testng.internal.Invoker.invokeConfigurationMethod(Invoker.java:458)
at org.testng.internal.Invoker.invokeConfigurations(Invoker.java:222)
at org.testng.internal.Invoker.invokeMethod(Invoker.java:523)
at org.testng.internal.Invoker.invokeTestMethod(Invoker.java:719)
at org.testng.internal.Invoker.invokeTestMethods(Invoker.java:989)
at org.testng.internal.TestMethodWorker.invokeTestMethods(TestMethodWorker.java:125)
at org.testng.internal.TestMethodWorker.run(TestMethodWorker.java:109)
at org.testng.TestRunner.privateRun(TestRunner.java:648)
at org.testng.TestRunner.run(TestRunner.java:505)
at org.testng.SuiteRunner.runTest(SuiteRunner.java:455)
at org.testng.SuiteRunner.runSequentially(SuiteRunner.java:450)
at org.testng.SuiteRunner.privateRun(SuiteRunner.java:415)
at org.testng.SuiteRunner.run(SuiteRunner.java:364)
at org.testng.SuiteRunnerWorker.runSuite(SuiteRunnerWorker.java:52)
at org.testng.SuiteRunnerWorker.run(SuiteRunnerWorker.java:84)
at org.testng.TestNG.runSuitesSequentially(TestNG.java:1208)
at org.testng.TestNG.runSuitesLocally(TestNG.java:1137)
at org.testng.TestNG.runSuites(TestNG.java:1049)
at org.testng.TestNG.run(TestNG.java:1017)
at org.apache.maven.surefire.testng.TestNGExecutor.run(TestNGExecutor.java:281)
at org.apache.maven.surefire.testng.TestNGXmlTestSuite.execute(TestNGXmlTestSuite.java:75)
at org.apache.maven.surefire.testng.TestNGProvider.invoke(TestNGProvider.java:121)
at org.apache.maven.surefire.booter.ForkedBooter.invokeProviderInSameClassLoader(ForkedBooter.java:290)
at org.apache.maven.surefire.booter.ForkedBooter.runSuitesInProcess(ForkedBooter.java:242)
at org.apache.maven.surefire.booter.ForkedBooter.main(ForkedBooter.java:121)
]]>
    </error>
  </testcase> <!-- setUp -->
  <testcase name="verifyCancelButtonfield" time="0.336" classname="com.bml.qa.testScripts.bulkLeadUpdatePageTest"/>
  <testcase name="verifyClicktoBrowsefield" time="0.000" classname="com.bml.qa.testScripts.bulkLeadUpdatePageTest">
    <skipped/>
  </testcase> <!-- verifyClicktoBrowsefield -->
  <testcase name="verifyProcessLeadsfield" time="0.000" classname="com.bml.qa.testScripts.bulkLeadUpdatePageTest">
    <skipped/>
  </testcase> <!-- verifyProcessLeadsfield -->
  <testcase name="verifyClicktoBrowsefieldStatuswithSelectClient" time="0.000" classname="com.bml.qa.testScripts.bulkLeadUpdatePageTest">
    <skipped/>
  </testcase> <!-- verifyClicktoBrowsefieldStatuswithSelectClient -->
  <testcase name="verifyBulkLeadUpdatePageFooter" time="0.000" classname="com.bml.qa.testScripts.bulkLeadUpdatePageTest">
    <skipped/>
  </testcase> <!-- verifyBulkLeadUpdatePageFooter -->
  <testcase name="verifyProcessLeadsfieldStatus" time="0.000" classname="com.bml.qa.testScripts.bulkLeadUpdatePageTest">
    <skipped/>
  </testcase> <!-- verifyProcessLeadsfieldStatus -->
  <testcase name="verifyErrormessagewithoutuploadfile" time="0.000" classname="com.bml.qa.testScripts.bulkLeadUpdatePageTest">
    <skipped/>
  </testcase> <!-- verifyErrormessagewithoutuploadfile -->
  <testcase name="verifyCancelButtonStatus" time="0.000" classname="com.bml.qa.testScripts.bulkLeadUpdatePageTest">
    <skipped/>
  </testcase> <!-- verifyCancelButtonStatus -->
  <testcase name="verifyErrormessagewithoutenterDropdownData" time="0.000" classname="com.bml.qa.testScripts.bulkLeadUpdatePageTest">
    <skipped/>
  </testcase> <!-- verifyErrormessagewithoutenterDropdownData -->
  <testcase name="verifyClientsDropdownDefaultData" time="0.000" classname="com.bml.qa.testScripts.bulkLeadUpdatePageTest">
    <skipped/>
  </testcase> <!-- verifyClientsDropdownDefaultData -->
  <testcase name="verifyFileUpload" time="0.000" classname="com.bml.qa.testScripts.bulkLeadUpdatePageTest">
    <skipped/>
  </testcase> <!-- verifyFileUpload -->
  <testcase name="verifyBulkLeadUpdatesMenu" classname="com.bml.qa.testScripts.bulkLeadUpdatePageTest">
    <skipped/>
  </testcase> <!-- verifyBulkLeadUpdatesMenu -->
  <testcase name="verifyGlobalDropdownfieldfromBulkPage" classname="com.bml.qa.testScripts.bulkLeadUpdatePageTest">
    <skipped/>
  </testcase> <!-- verifyGlobalDropdownfieldfromBulkPage -->
  <testcase name="verifyLeadsMenuStatusfromBulkPage" classname="com.bml.qa.testScripts.bulkLeadUpdatePageTest">
    <skipped/>
  </testcase> <!-- verifyLeadsMenuStatusfromBulkPage -->
  <testcase name="verifyClientsDropdownStatus" classname="com.bml.qa.testScripts.bulkLeadUpdatePageTest">
    <skipped/>
  </testcase> <!-- verifyClientsDropdownStatus -->
  <testcase name="verifyManageUsersMenuFuncfromBulkPage" classname="com.bml.qa.testScripts.bulkLeadUpdatePageTest">
    <skipped/>
  </testcase> <!-- verifyManageUsersMenuFuncfromBulkPage -->
  <testcase name="verifyClientsDropdownLabel" classname="com.bml.qa.testScripts.bulkLeadUpdatePageTest">
    <skipped/>
  </testcase> <!-- verifyClientsDropdownLabel -->
  <testcase name="verifyManageUsersMenuStatusfromBulkPage" classname="com.bml.qa.testScripts.bulkLeadUpdatePageTest">
    <skipped/>
  </testcase> <!-- verifyManageUsersMenuStatusfromBulkPage -->
  <testcase name="verifyManageUsersMenufromBulkPage" classname="com.bml.qa.testScripts.bulkLeadUpdatePageTest">
    <skipped/>
  </testcase> <!-- verifyManageUsersMenufromBulkPage -->
  <testcase name="verifyBulkLeadUpdatesMenuStatus" classname="com.bml.qa.testScripts.bulkLeadUpdatePageTest">
    <skipped/>
  </testcase> <!-- verifyBulkLeadUpdatesMenuStatus -->
  <testcase name="verifyBulkLeadUpdatesLogo" classname="com.bml.qa.testScripts.bulkLeadUpdatePageTest">
    <skipped/>
  </testcase> <!-- verifyBulkLeadUpdatesLogo -->
  <testcase name="verifyLeadsMenufromBulkPage" classname="com.bml.qa.testScripts.bulkLeadUpdatePageTest">
    <skipped/>
  </testcase> <!-- verifyLeadsMenufromBulkPage -->
  <testcase name="verifyDataMigrationMenufromBulkPage" classname="com.bml.qa.testScripts.bulkLeadUpdatePageTest">
    <skipped/>
  </testcase> <!-- verifyDataMigrationMenufromBulkPage -->
  <testcase name="verifyDataSelectionfromDropdown" classname="com.bml.qa.testScripts.bulkLeadUpdatePageTest">
    <skipped/>
  </testcase> <!-- verifyDataSelectionfromDropdown -->
  <testcase name="verifyIPConfigMenuFuncfromBulkPage" classname="com.bml.qa.testScripts.bulkLeadUpdatePageTest">
    <skipped/>
  </testcase> <!-- verifyIPConfigMenuFuncfromBulkPage -->
  <testcase name="verifyClientsDropdownData" classname="com.bml.qa.testScripts.bulkLeadUpdatePageTest">
    <skipped/>
  </testcase> <!-- verifyClientsDropdownData -->
  <testcase name="verifyIPConfigMenufromBulkPage" classname="com.bml.qa.testScripts.bulkLeadUpdatePageTest">
    <skipped/>
  </testcase> <!-- verifyIPConfigMenufromBulkPage -->
  <testcase name="verifyLeadsMenuClickfromBulkPage" classname="com.bml.qa.testScripts.bulkLeadUpdatePageTest">
    <skipped/>
  </testcase> <!-- verifyLeadsMenuClickfromBulkPage -->
  <testcase name="verifyTitle" classname="com.bml.qa.testScripts.bulkLeadUpdatePageTest">
    <skipped/>
  </testcase> <!-- verifyTitle -->
  <testcase name="verifyGlobalDropdownfieldStatusfromBulkPage" classname="com.bml.qa.testScripts.bulkLeadUpdatePageTest">
    <skipped/>
  </testcase> <!-- verifyGlobalDropdownfieldStatusfromBulkPage -->
  <testcase name="verifyIPConfigMenuStatusfromBulkPage" classname="com.bml.qa.testScripts.bulkLeadUpdatePageTest">
    <skipped/>
  </testcase> <!-- verifyIPConfigMenuStatusfromBulkPage -->
  <testcase name="verifyBulkLeadUpdatesHeader" classname="com.bml.qa.testScripts.bulkLeadUpdatePageTest">
    <skipped/>
  </testcase> <!-- verifyBulkLeadUpdatesHeader -->
  <testcase name="verifyDataMigrationMenuStatusfromBulkPage" classname="com.bml.qa.testScripts.bulkLeadUpdatePageTest">
    <skipped/>
  </testcase> <!-- verifyDataMigrationMenuStatusfromBulkPage -->
  <testcase name="verifyBulkLeadUpdatesMenuFunc" classname="com.bml.qa.testScripts.bulkLeadUpdatePageTest">
    <skipped/>
  </testcase> <!-- verifyBulkLeadUpdatesMenuFunc -->
  <testcase name="verifyDataMigrationMenuFuncfromBulkPage" classname="com.bml.qa.testScripts.bulkLeadUpdatePageTest">
    <skipped/>
  </testcase> <!-- verifyDataMigrationMenuFuncfromBulkPage -->
  <testcase name="verifyClientsDropdownfield" classname="com.bml.qa.testScripts.bulkLeadUpdatePageTest">
    <skipped/>
  </testcase> <!-- verifyClientsDropdownfield -->
</testsuite> <!-- com.bml.qa.testScripts.bulkLeadUpdatePageTest -->
